\BOOKMARK [1][-]{section.1}{\376\377\000I\000n\000t\000r\000o\000d\000u\000\347\000\343\000o}{}% 1
\BOOKMARK [1][-]{section.2}{\376\377\000D\000e\000s\000e\000n\000v\000o\000l\000v\000i\000m\000e\000n\000t\000o\000\040\000d\000a\000\040\000a\000p\000l\000i\000c\000a\000\347\000\343\000o}{}% 2
\BOOKMARK [2][-]{subsection.2.1}{\376\377\000E\000s\000t\000r\000u\000t\000u\000r\000a\000\040\000d\000o\000\040\000c\000\363\000d\000i\000g\000o}{section.2}% 3
\BOOKMARK [2][-]{subsection.2.2}{\376\377\000F\000l\000u\000x\000o\000\040\000d\000o\000\040\000p\000r\000o\000g\000r\000a\000m\000a}{section.2}% 4
\BOOKMARK [1][-]{section.3}{\376\377\000C\000o\000n\000f\000i\000g\000u\000r\000a\000r\000\040\000e\000\040\000a\000n\000a\000l\000i\000s\000a\000r\000\040\000o\000\040\000f\000u\000n\000c\000i\000o\000n\000a\000m\000e\000n\000t\000o\000\040\000d\000e\000\040\000u\000m\000a\000\040\000r\000e\000d\000e}{}% 5
\BOOKMARK [2][-]{subsection.3.1}{\376\377\000E\000x\000p\000e\000r\000i\000\352\000n\000c\000i\000a\000\040\0001}{section.3}% 6
\BOOKMARK [3][-]{subsubsection.3.1.1}{\376\377\000A\000r\000q\000u\000i\000t\000e\000t\000u\000r\000a\000\040\000d\000a\000\040\000r\000e\000d\000e}{subsection.3.1}% 7
\BOOKMARK [3][-]{subsubsection.3.1.2}{\376\377\000O\000b\000j\000e\000t\000i\000v\000o}{subsection.3.1}% 8
\BOOKMARK [3][-]{subsubsection.3.1.3}{\376\377\000Q\000u\000a\000i\000s\000\040\000s\000\343\000o\000\040\000o\000s\000\040\000c\000o\000m\000a\000n\000d\000o\000s\000\040\000n\000e\000c\000e\000s\000s\000\341\000r\000i\000o\000s\000\040\000p\000a\000r\000a\000\040\000e\000s\000t\000a\000\040\000e\000x\000p\000e\000r\000i\000\352\000n\000c\000i\000a\000?}{subsection.3.1}% 9
\BOOKMARK [3][-]{subsubsection.3.1.4}{\376\377\000O\000\040\000q\000u\000e\000\040\000s\000\343\000o\000\040\000p\000a\000c\000o\000t\000e\000s\000\040\000A\000R\000P\000\040\000e\000\040\000p\000a\000r\000a\000\040\000q\000u\000e\000\040\000s\000\343\000o\000\040\000u\000s\000a\000d\000o\000s\000?}{subsection.3.1}% 10
\BOOKMARK [3][-]{subsubsection.3.1.5}{\376\377\000O\000\040\000q\000u\000e\000\040\000s\000\343\000o\000\040\000o\000s\000\040\000o\000s\000\040\000e\000n\000d\000e\000r\000e\000\347\000o\000s\000\040\000M\000A\000C\000\040\000e\000\040\000I\000P\000\040\000d\000o\000s\000\040\000p\000a\000c\000o\000t\000e\000s\000\040\000A\000R\000P\000\040\000e\000\040\000p\000o\000r\000q\000u\000\352\000?}{subsection.3.1}% 11
\BOOKMARK [3][-]{subsubsection.3.1.6}{\376\377\000Q\000u\000e\000\040\000p\000a\000c\000o\000t\000e\000s\000\040\000\351\000\040\000q\000u\000e\000\040\000o\000\040\000c\000o\000m\000a\000n\000d\000o\000\040\000p\000i\000n\000g\000\040\000g\000e\000r\000a\000?}{subsection.3.1}% 12
\BOOKMARK [3][-]{subsubsection.3.1.7}{\376\377\000Q\000u\000a\000i\000s\000\040\000s\000\343\000o\000\040\000o\000s\000\040\000M\000A\000C\000\040\000e\000\040\000I\000P\000\040\000d\000o\000s\000\040\000p\000a\000c\000o\000t\000e\000s\000\040\000p\000i\000n\000g\000?}{subsection.3.1}% 13
\BOOKMARK [3][-]{subsubsection.3.1.8}{\376\377\000C\000o\000m\000o\000\040\000d\000e\000t\000e\000r\000m\000i\000n\000a\000r\000\040\000s\000e\000\040\000u\000m\000\040\000p\000a\000c\000o\000t\000e\000\040\000\351\000\040\000A\000R\000P\000,\000\040\000I\000P\000\040\000o\000u\000\040\000I\000C\000M\000P\000?}{subsection.3.1}% 14
\BOOKMARK [3][-]{subsubsection.3.1.9}{\376\377\000C\000o\000m\000o\000\040\000d\000e\000t\000e\000r\000m\000i\000n\000a\000r\000\040\000o\000\040\000t\000a\000m\000a\000n\000h\000o\000\040\000d\000e\000\040\000u\000m\000\040\000p\000a\000c\000o\000t\000e\000\040\000r\000e\000c\000e\000b\000i\000d\000o\000?}{subsection.3.1}% 15
\BOOKMARK [3][-]{subsubsection.3.1.10}{\376\377\000O\000\040\000q\000u\000e\000\040\000\351\000\040\000a\000\040\000i\000n\000t\000e\000r\000f\000a\000c\000e\000\040\000l\000o\000o\000p\000b\000a\000c\000k\000\040\000e\000\040\000p\000o\000r\000q\000u\000e\000\040\000\351\000\040\000q\000u\000e\000\040\000\351\000\040\000i\000m\000p\000o\000r\000t\000a\000n\000t\000e\000?}{subsection.3.1}% 16
\BOOKMARK [3][-]{subsubsection.3.1.11}{\376\377\000A\000n\000\341\000l\000i\000s\000e\000\040\000d\000o\000s\000\040\000l\000o\000g\000s}{subsection.3.1}% 17
\BOOKMARK [2][-]{subsection.3.2}{\376\377\000E\000x\000p\000e\000r\000i\000\352\000n\000c\000i\000a\000\040\0002}{section.3}% 18
\BOOKMARK [3][-]{subsubsection.3.2.1}{\376\377\000A\000r\000q\000u\000i\000t\000e\000t\000u\000r\000a\000\040\000d\000a\000\040\000r\000e\000d\000e}{subsection.3.2}% 19
\BOOKMARK [3][-]{subsubsection.3.2.2}{\376\377\000O\000b\000j\000e\000t\000i\000v\000o}{subsection.3.2}% 20
\BOOKMARK [3][-]{subsubsection.3.2.3}{\376\377\000Q\000u\000a\000i\000s\000\040\000s\000\343\000o\000\040\000o\000s\000\040\000c\000o\000m\000a\000n\000d\000o\000s\000\040\000n\000e\000c\000e\000s\000s\000\341\000r\000i\000o\000s\000\040\000p\000a\000r\000a\000\040\000e\000s\000t\000a\000\040\000e\000x\000p\000e\000r\000i\000\352\000n\000c\000i\000a\000?}{subsection.3.2}% 21
\BOOKMARK [3][-]{subsubsection.3.2.4}{\376\377\000\040\000Q\000u\000a\000n\000t\000o\000s\000\040\000d\000o\000m\000\355\000n\000i\000o\000s\000\040\000d\000e\000\040\000b\000r\000o\000a\000d\000c\000a\000s\000t\000\040\000e\000x\000i\000s\000t\000e\000m\000?\000\040\000O\000\040\000q\000u\000e\000\040\000p\000o\000d\000e\000m\000o\000s\000\040\000c\000o\000n\000c\000l\000u\000i\000r\000\040\000a\000\040\000p\000a\000r\000t\000i\000r\000\040\000d\000o\000s\000\040\000l\000o\000g\000s\000?\000\040\000/\000\040\000A\000n\000\341\000l\000i\000s\000e\000\040\000d\000o\000s\000\040\000l\000o\000g\000s}{subsection.3.2}% 22
\BOOKMARK [2][-]{subsection.3.3}{\376\377\000E\000x\000p\000e\000r\000i\000\352\000n\000c\000i\000a\000\040\0003}{section.3}% 23
\BOOKMARK [3][-]{subsubsection.3.3.1}{\376\377\000A\000r\000q\000u\000i\000t\000e\000t\000u\000r\000a\000\040\000d\000a\000\040\000r\000e\000d\000e}{subsection.3.3}% 24
\BOOKMARK [3][-]{subsubsection.3.3.2}{\376\377\000O\000b\000j\000e\000t\000i\000v\000o}{subsection.3.3}% 25
\BOOKMARK [3][-]{subsubsection.3.3.3}{\376\377\000Q\000u\000a\000i\000s\000\040\000s\000\343\000o\000\040\000o\000s\000\040\000c\000o\000m\000a\000n\000d\000o\000s\000\040\000n\000e\000c\000e\000s\000s\000\341\000r\000i\000o\000s\000\040\000p\000a\000r\000a\000\040\000e\000s\000t\000a\000\040\000e\000x\000p\000e\000r\000i\000\352\000n\000c\000i\000a\000?}{subsection.3.3}% 26
\BOOKMARK [3][-]{subsubsection.3.3.4}{\376\377\000Q\000u\000e\000\040\000r\000o\000t\000a\000s\000\040\000e\000x\000i\000s\000t\000e\000m\000\040\000n\000o\000s\000\040\000c\000o\000m\000p\000u\000t\000a\000d\000o\000r\000e\000s\000?\000\040\000Q\000u\000a\000l\000\040\000o\000\040\000s\000e\000u\000\040\000s\000i\000g\000n\000i\000f\000i\000c\000a\000d\000o\000?}{subsection.3.3}% 27
\BOOKMARK [3][-]{subsubsection.3.3.5}{\376\377\000Q\000u\000e\000\040\000i\000n\000f\000o\000r\000m\000a\000\347\000\343\000o\000\040\000c\000o\000n\000t\000\351\000m\000\040\000u\000m\000a\000\040\000e\000n\000t\000r\000a\000d\000a\000\040\000d\000a\000\040\000t\000a\000b\000e\000l\000a\000\040\000d\000e\000\040\000e\000n\000c\000a\000m\000i\000n\000h\000a\000m\000e\000n\000t\000o\000?}{subsection.3.3}% 28
\BOOKMARK [3][-]{subsubsection.3.3.6}{\376\377\000\040\000Q\000u\000e\000\040\000m\000e\000n\000s\000a\000g\000e\000n\000s\000\040\000A\000R\000P\000,\000\040\000e\000\040\000o\000s\000\040\000e\000n\000d\000e\000r\000e\000\347\000o\000s\000\040\000M\000A\000C\000,\000\040\000s\000\343\000o\000\040\000o\000b\000s\000e\000r\000v\000a\000d\000a\000s\000\040\000e\000\040\000p\000o\000r\000q\000u\000\352\000?\000\040\000/\000\040\000A\000n\000\341\000l\000i\000s\000e\000\040\000d\000o\000s\000\040\000l\000o\000g\000s}{subsection.3.3}% 29
\BOOKMARK [2][-]{subsection.3.4}{\376\377\000E\000x\000p\000e\000r\000i\000\352\000n\000c\000i\000a\000\040\0004}{section.3}% 30
\BOOKMARK [3][-]{subsubsection.3.4.1}{\376\377\000C\000o\000n\000f\000i\000g\000u\000r\000a\000\347\000\343\000o\000\040\000d\000e\000\040\000u\000m\000\040\000R\000o\000u\000t\000e\000r\000\040\000C\000o\000m\000e\000r\000c\000i\000a\000l\000\040\000e\000\040\000I\000m\000p\000l\000e\000m\000e\000n\000t\000a\000\347\000\343\000o\000\040\000d\000e\000\040\000N\000A\000T}{subsection.3.4}% 31
\BOOKMARK [3][-]{subsubsection.3.4.2}{\376\377\000Q\000u\000a\000i\000s\000\040\000s\000\343\000o\000\040\000o\000s\000\040\000c\000o\000m\000a\000n\000d\000o\000s\000\040\000n\000e\000c\000e\000s\000s\000\341\000r\000i\000o\000s\000\040\000p\000a\000r\000a\000\040\000e\000s\000t\000a\000\040\000e\000x\000p\000e\000r\000i\000\352\000n\000c\000i\000a\000?}{subsection.3.4}% 32
\BOOKMARK [3][-]{subsubsection.3.4.3}{\376\377\000C\000o\000m\000o\000\040\000c\000o\000n\000f\000i\000g\000u\000r\000a\000r\000\040\000u\000m\000a\000\040\000r\000o\000t\000a\000\040\000e\000s\000t\000\341\000t\000i\000c\000a\000\040\000n\000u\000m\000\040\000r\000o\000u\000t\000e\000r\000\040\000c\000o\000m\000e\000r\000c\000i\000a\000l\000?}{subsection.3.4}% 33
\BOOKMARK [3][-]{subsubsection.3.4.4}{\376\377\000Q\000u\000a\000i\000s\000\040\000s\000\343\000o\000\040\000o\000s\000\040\000c\000a\000m\000i\000n\000h\000o\000s\000\040\000s\000e\000g\000u\000i\000d\000o\000s\000\040\000p\000e\000l\000o\000s\000\040\000p\000a\000c\000o\000t\000e\000s\000\040\000n\000a\000s\000\040\000e\000x\000p\000e\000r\000i\000\352\000n\000c\000i\000a\000s\000,\000\040\000p\000o\000r\000q\000u\000\352\000?}{subsection.3.4}% 34
\BOOKMARK [3][-]{subsubsection.3.4.5}{\376\377\000C\000o\000m\000o\000\040\000c\000o\000n\000f\000i\000g\000u\000r\000a\000r\000\040\000o\000\040\000N\000A\000T\000\040\000n\000u\000m\000\040\000r\000o\000u\000t\000e\000r\000\040\000c\000o\000m\000e\000r\000c\000i\000a\000l\000?}{subsection.3.4}% 35
\BOOKMARK [3][-]{subsubsection.3.4.6}{\376\377\000O\000\040\000q\000u\000e\000\040\000f\000a\000z\000\040\000o\000\040\000N\000A\000T\000?}{subsection.3.4}% 36
\BOOKMARK [3][-]{subsubsection.3.4.7}{\376\377\000A\000n\000\341\000l\000i\000s\000e\000\040\000d\000o\000s\000\040\000l\000o\000g\000s}{subsection.3.4}% 37
\BOOKMARK [2][-]{subsection.3.5}{\376\377\000E\000x\000p\000e\000r\000i\000\352\000n\000c\000i\000a\000\040\0005}{section.3}% 38
\BOOKMARK [3][-]{subsubsection.3.5.1}{\376\377\000A\000r\000q\000u\000i\000t\000e\000t\000u\000r\000a\000\040\000d\000a\000\040\000r\000e\000d\000e}{subsection.3.5}% 39
\BOOKMARK [3][-]{subsubsection.3.5.2}{\376\377\000O\000b\000j\000e\000t\000i\000v\000o}{subsection.3.5}% 40
\BOOKMARK [3][-]{subsubsection.3.5.3}{\376\377\000Q\000u\000a\000i\000s\000\040\000s\000\343\000o\000\040\000o\000s\000\040\000c\000o\000m\000a\000n\000d\000o\000s\000\040\000n\000e\000c\000e\000s\000s\000\341\000r\000i\000o\000s\000\040\000p\000a\000r\000a\000\040\000e\000s\000t\000a\000\040\000e\000x\000p\000e\000r\000i\000\352\000n\000c\000i\000a\000?}{subsection.3.5}% 41
\BOOKMARK [3][-]{subsubsection.3.5.4}{\376\377\000\040\000C\000o\000m\000o\000\040\000c\000o\000n\000f\000i\000g\000u\000r\000a\000r\000\040\000o\000\040\000D\000N\000S\000\040\000n\000u\000m\000\040\000h\000o\000s\000t\000?}{subsection.3.5}% 42
\BOOKMARK [3][-]{subsubsection.3.5.5}{\376\377\000\040\000Q\000u\000e\000\040\000p\000a\000c\000o\000t\000e\000s\000\040\000s\000\343\000o\000\040\000t\000r\000o\000c\000a\000d\000o\000s\000\040\000p\000e\000l\000o\000\040\000D\000N\000S\000\040\000e\000\040\000q\000u\000e\000\040\000i\000n\000f\000o\000r\000m\000a\000\347\000\343\000o\000\040\000\351\000\040\000t\000r\000a\000n\000s\000p\000o\000r\000t\000a\000d\000a\000?}{subsection.3.5}% 43
\BOOKMARK [3][-]{subsubsection.3.5.6}{\376\377\000A\000n\000\341\000l\000i\000s\000e\000\040\000d\000o\000s\000\040\000l\000o\000g\000s}{subsection.3.5}% 44
\BOOKMARK [2][-]{subsection.3.6}{\376\377\000E\000x\000p\000e\000r\000i\000\352\000n\000c\000i\000a\000\040\0006}{section.3}% 45
\BOOKMARK [3][-]{subsubsection.3.6.1}{\376\377\000O\000b\000j\000e\000c\000t\000i\000v\000e}{subsection.3.6}% 46
\BOOKMARK [3][-]{subsubsection.3.6.2}{\376\377\000Q\000u\000a\000n\000t\000a\000s\000\040\000c\000o\000n\000e\000x\000\365\000e\000s\000\040\000T\000C\000P\000\040\000s\000\343\000o\000\040\000a\000b\000e\000r\000t\000a\000s\000\040\000p\000e\000l\000a\000\040\000a\000p\000l\000i\000c\000a\000\347\000\343\000o\000\040\000F\000T\000P\000?}{subsection.3.6}% 47
\BOOKMARK [3][-]{subsubsection.3.6.3}{\376\377\000E\000m\000\040\000q\000u\000e\000\040\000c\000o\000n\000e\000x\000\343\000o\000\040\000\351\000\040\000t\000r\000a\000n\000s\000p\000o\000r\000t\000a\000d\000a\000\040\000a\000\040\000i\000n\000f\000o\000r\000m\000a\000\347\000\343\000o\000\040\000d\000e\000\040\000c\000o\000n\000t\000r\000o\000l\000o\000\040\000d\000o\000\040\000F\000T\000P\000?}{subsection.3.6}% 48
\BOOKMARK [3][-]{subsubsection.3.6.4}{\376\377\000Q\000u\000a\000i\000s\000\040\000s\000\343\000o\000\040\000a\000s\000\040\000f\000a\000s\000e\000s\000\040\000d\000e\000\040\000u\000m\000a\000\040\000c\000o\000n\000e\000x\000\343\000o\000\040\000T\000C\000P\000?}{subsection.3.6}% 49
\BOOKMARK [3][-]{subsubsection.3.6.5}{\376\377\000C\000o\000m\000o\000\040\000f\000u\000n\000c\000i\000o\000n\000a\000\040\000o\000\040\000m\000e\000c\000a\000n\000i\000s\000m\000o\000\040\000A\000R\000Q\000\040\000T\000C\000P\000?\000\040\000Q\000u\000a\000i\000s\000\040\000s\000\343\000o\000\040\000o\000s\000\040\000c\000a\000m\000p\000o\000s\000\040\000d\000e\000\040\000T\000C\000P\000\040\000r\000e\000l\000e\000v\000a\000n\000t\000e\000s\000?}{subsection.3.6}% 50
\BOOKMARK [3][-]{subsubsection.3.6.6}{\376\377\000C\000o\000m\000o\000\040\000\351\000\040\000q\000u\000e\000\040\000o\000\040\000m\000e\000c\000a\000n\000i\000s\000m\000o\000\040\000d\000e\000\040\000c\000o\000n\000t\000r\000o\000l\000o\000\040\000d\000e\000\040\000c\000o\000n\000g\000e\000s\000t\000\343\000o\000\040\000d\000o\000\040\000T\000C\000P\000\040\000f\000u\000n\000c\000i\000o\000n\000a\000?\000\040\000C\000o\000m\000o\000\040\000\351\000\040\000q\000u\000e\000\040\000a\000\040\000t\000a\000x\000a\000\040\000d\000e\000\040\000t\000r\000a\000n\000s\000f\000e\000r\000\352\000n\000c\000i\000a\000\040\000d\000e\000\040\000d\000a\000d\000o\000s\000\040\000e\000v\000o\000l\000u\000i\000\040\000c\000o\000m\000\040\000o\000\040\000p\000a\000s\000s\000a\000r\000\040\000d\000o\000\040\000t\000e\000m\000p\000o\000?}{subsection.3.6}% 51
\BOOKMARK [3][-]{subsubsection.3.6.7}{\376\377\000A\000\040\000t\000a\000x\000a\000\040\000d\000e\000\040\000t\000r\000a\000n\000s\000f\000e\000r\000\352\000n\000c\000i\000a\000\040\000d\000e\000\040\000c\000o\000n\000e\000x\000\365\000e\000s\000\040\000d\000e\000\040\000d\000a\000d\000o\000s\000\040\000T\000C\000P\000\040\000\351\000\040\000p\000e\000r\000t\000u\000r\000b\000a\000d\000a\000\040\000p\000e\000l\000o\000\040\000a\000p\000a\000r\000e\000c\000i\000m\000e\000n\000t\000o\000\040\000d\000e\000\040\000u\000m\000a\000\040\000s\000e\000g\000u\000n\000d\000a\000\040\000c\000o\000n\000e\000x\000\343\000o\000\040\000T\000C\000P\000?\000\040\000C\000o\000m\000o\000?}{subsection.3.6}% 52
\BOOKMARK [1][-]{section.4}{\376\377\000C\000o\000n\000c\000l\000u\000s\000\343\000o}{}% 53
\BOOKMARK [1][-]{section.5}{\376\377\000A\000n\000e\000x\000o\000s}{}% 54
